xmelab(64): 23.03-s013: (c) Copyright 1995-2024 Cadence Design Systems, Inc.
TOOL:	xmelab(64)	23.03-s013: Started on Nov 08, 2024 at 09:54:16 KST
xmelab
    -MESS
    -access rwc
    non_blocking

	Elaborating the design hierarchy:
	Building instance overlay tables: .................... Done
	Generating native compiled code:
		non_block_lib.non_blocking:module <0x067eecf8>
			streams:   6, words:  5343
	Building instance specific data structures.
	Loading native compiled code:     .................... Done
	Design hierarchy summary:
		                 Instances  Unique
		Modules:                 1       1
		Registers:               5       5
		Always blocks:           2       2
		Initial blocks:          4       4
		Simulation timescale:  1ps
	Writing initial simulation snapshot: non_block_lib.non_blocking:module
TOOL:	xmelab(64)	23.03-s013: Exiting on Nov 08, 2024 at 09:54:16 KST  (total: 00:00:00)
